<?xml version="1.0" encoding="UTF-8"?>
<!-- Generated by org.testng.reporters.JUnitReportReporter -->
<testsuite hostname="DESKTOP-UE7RBIH" failures="0" tests="1" name="mavendemo.example2" time="14.329" errors="0" timestamp="14 Oct 2022 08:29:32 GMT">
  <testcase classname="mavendemo.example2" name="Testcase1" time="14.329"/>
</testsuite> <!-- mavendemo.example2 -->
