<?xml version="1.0" encoding="UTF-8"?>
<!-- Generated by org.testng.reporters.JUnitReportReporter -->
<testsuite hostname="DESKTOP-UE7RBIH" failures="0" tests="2" name="mavendemo.task13" time="7.462" errors="0" timestamp="13 Oct 2022 15:13:14 GMT">
  <testcase classname="mavendemo.task13" name="Testcase3" time="7.130"/>
  <testcase classname="mavendemo.task13" name="Testcase2" time="0.332"/>
</testsuite> <!-- mavendemo.task13 -->
