<?xml version="1.0" encoding="UTF-8"?>
<!-- Generated by org.testng.reporters.JUnitReportReporter -->
<testsuite hostname="DESKTOP-UE7RBIH" failures="0" tests="1" name="mavendemo.example4adminuser" time="9.402" errors="0" timestamp="17 Oct 2022 05:53:50 GMT">
  <testcase classname="mavendemo.example4adminuser" name="Testcase2" time="9.402"/>
</testsuite> <!-- mavendemo.example4adminuser -->
