<?xml version="1.0" encoding="UTF-8"?>
<!-- Generated by org.testng.reporters.JUnitReportReporter -->
<testsuite hostname="DESKTOP-UE7RBIH" failures="0" tests="1" name="mavendemo.exampleswitchwindow" time="38.495" errors="0" timestamp="17 Oct 2022 16:03:54 GMT">
  <testcase classname="mavendemo.exampleswitchwindow" name="testcase1" time="38.495"/>
</testsuite> <!-- mavendemo.exampleswitchwindow -->
