<?xml version="1.0" encoding="UTF-8"?>
<!-- Generated by org.testng.reporters.JUnitReportReporter -->
<testsuite hostname="DESKTOP-UE7RBIH" failures="0" tests="2" name="mavendemo.example3guru" time="11.537" errors="0" timestamp="12 Oct 2022 07:05:00 GMT">
  <testcase classname="mavendemo.example3guru" name="Testcase1" time="4.503"/>
  <testcase classname="mavendemo.example3guru" name="Testcase2" time="7.034"/>
</testsuite> <!-- mavendemo.example3guru -->
