<?xml version="1.0" encoding="UTF-8"?>
<!-- Generated by org.testng.reporters.JUnitReportReporter -->
<testsuite hostname="DESKTOP-UE7RBIH" failures="0" tests="1" name="mavendemo.example1" time="22.642" errors="0" timestamp="7 Oct 2022 14:54:41 GMT">
  <testcase classname="mavendemo.example1" name="find" time="22.642"/>
</testsuite> <!-- mavendemo.example1 -->
